<?xml version="1.0" encoding="UTF-8"?>
<testng-results ignored="0" total="1" passed="1" failed="0" skipped="0">
  <reporter-output>
  </reporter-output>
  <suite started-at="2020-08-08T13:23:00Z" name="Default suite" finished-at="2020-08-08T13:23:22Z" duration-ms="21798">
    <groups>
    </groups>
    <test started-at="2020-08-08T13:23:00Z" name="Default test" finished-at="2020-08-08T13:23:22Z" duration-ms="21798">
      <class name="example.extentReport.GoogleSearch">
        <test-method signature="GoogleSearch()[pri:0, instance:example.extentReport.GoogleSearch@53ca01a2]" started-at="2020-08-08T13:23:00Z" name="GoogleSearch" finished-at="2020-08-08T13:23:21Z" duration-ms="21739" status="PASS">
          <reporter-output>
          </reporter-output>
        </test-method> <!-- GoogleSearch -->
        <test-method is-config="true" signature="afterMethod(org.testng.ITestResult)[pri:0, instance:example.extentReport.GoogleSearch@53ca01a2]" started-at="2020-08-08T13:23:21Z" name="afterMethod" finished-at="2020-08-08T13:23:22Z" duration-ms="7" status="PASS">
          <params>
            <param index="0">
              <value>
                <![CDATA[[TestResult name=GoogleSearch status=SUCCESS method=GoogleSearch.GoogleSearch()[pri:0, instance:example.extentReport.GoogleSearch@53ca01a2] output={null}]]]>
              </value>
            </param>
          </params>
          <reporter-output>
          </reporter-output>
        </test-method> <!-- afterMethod -->
      </class> <!-- example.extentReport.GoogleSearch -->
    </test> <!-- Default test -->
  </suite> <!-- Default suite -->
</testng-results>
